<?xml version="1.0" encoding="UTF-8"?>
<!-- Generated by org.testng.reporters.JUnitReportReporter -->
<testsuite hostname="INLM-YuvrajK.local" failures="0" tests="1" name="testpackage.Basic" time="0.009" errors="0" timestamp="2020-02-26T23:25:37 IST" skipped="0">
  <testcase classname="testpackage.Basic" name="demo" time="0.009"/>
</testsuite> <!-- testpackage.Basic -->
