<?xml version="1.0" encoding="UTF-8"?>
<!-- Generated by org.testng.reporters.JUnitReportReporter -->
<testsuite hostname="INLM-YuvrajK.local" failures="0" tests="2" name="testpackage.xmlfile" time="0.003" errors="0" timestamp="2020-02-26T23:25:37 IST" skipped="0">
  <testcase classname="testpackage.xmlfile" name="seconddemo" time="0.001"/>
  <testcase classname="testpackage.xmlfile" name="demo" time="0.002"/>
</testsuite> <!-- testpackage.xmlfile -->
