<?xml version="1.0" encoding="UTF-8"?>
<!-- Generated by org.testng.reporters.JUnitReportReporter -->
<testsuite hostname="INLM-YuvrajK.local" failures="0" tests="2" name="testpackage.Prioritizingexample" time="0.001" errors="0" timestamp="2020-02-27T23:43:40 IST" skipped="0">
  <testcase classname="testpackage.Prioritizingexample" name="APIlogin" time="0.001"/>
  <testcase classname="testpackage.Prioritizingexample" name="webloginloan" time="0.000"/>
</testsuite> <!-- testpackage.Prioritizingexample -->
